2024-10-18 21:05:11,969 [Worker-1: Loading available Gradle versions] INFO  o.e.b.c.i.u.g.PublishedGradleVersions - Gradle version information cache is up-to-date. Trying to read.
2024-10-18 21:07:00,050 [Worker-8: Update Maven projects configuration] INFO  o.e.m.c.i.p.ProjectConfigurationManager - Update started
2024-10-18 21:07:30,919 [Worker-11: Build] INFO  o.e.m.c.i.l.LifecycleMappingFactory - Using NULL lifecycle mapping for MavenProject: com.alura:screenmatch:0.0.1-SNAPSHOT @ C:\GitHubjavabin7777777\screenmatch-springboot-github\screenmatch_git\pom.xml.
2024-10-18 21:07:46,349 [Worker-8: Update Maven projects configuration] INFO  o.e.m.c.i.l.LifecycleMappingFactory - Using NULL lifecycle mapping for MavenProject: com.alura:screenmatch:0.0.1-SNAPSHOT @ C:\GitHubjavabin7777777\screenmatch-springboot-github\screenmatch_git\pom.xml.
2024-10-18 21:07:48,692 [Worker-8: Update Maven projects configuration] INFO  o.e.m.c.i.p.ProjectConfigurationManager - Update completed for 1 poms: local refresh takes 0,00 sec, refresh facades takes 48,00 sec, update config takes 0,00 sec 
2024-10-18 21:16:44,432 [Worker-20: Updating Maven Project] INFO  o.e.m.c.i.p.ProjectConfigurationManager - Update started
2024-10-18 21:16:47,047 [Worker-20: Updating Maven Project] INFO  o.e.m.c.i.l.LifecycleMappingFactory - Using NULL lifecycle mapping for MavenProject: com.alura:screenmatch:0.0.1-SNAPSHOT @ C:\GitHubjavabin7777777\screenmatch-springboot-github\screenmatch_git\pom.xml.
2024-10-18 21:16:51,124 [Worker-20: Updating Maven Project] INFO  o.e.m.c.i.p.ProjectConfigurationManager - Update completed for 1 poms: local refresh takes 0,00 sec, refresh facades takes 6,00 sec, update config takes 0,00 sec 
2024-10-18 22:08:09,174 [main] INFO  o.e.m2e.actions.ExecutePomAction - Creating new launch configuration
2024-10-18 22:09:09,081 [Worker-35: Launching screenmatch_git] INFO  o.eclipse.m2e.core.internal.Bundles - getClasspathEntries(Bundle=org.eclipse.m2e.maven.runtime_3.9.900.20240824-1409 [2166])
2024-10-18 22:09:09,260 [Worker-35: Launching screenmatch_git] INFO  o.eclipse.m2e.core.internal.Bundles - 	Entry: C:\Users\Jupiter\.p2\pool\plugins\org.eclipse.m2e.maven.runtime_3.9.900.20240824-1409
2024-10-18 22:09:09,263 [Worker-35: Launching screenmatch_git] INFO  o.eclipse.m2e.core.internal.Bundles - 	Entry: C:\Users\Jupiter\.p2\pool\plugins\org.eclipse.m2e.maven.runtime_3.9.900.20240824-1409\jars\aopalliance-1.0.jar
2024-10-18 22:09:09,264 [Worker-35: Launching screenmatch_git] INFO  o.eclipse.m2e.core.internal.Bundles - 	Entry: C:\Users\Jupiter\.p2\pool\plugins\org.eclipse.m2e.maven.runtime_3.9.900.20240824-1409\jars\guice-5.1.0.jar
2024-10-18 22:09:09,265 [Worker-35: Launching screenmatch_git] INFO  o.eclipse.m2e.core.internal.Bundles - 	Entry: C:\Users\Jupiter\.p2\pool\plugins\org.eclipse.m2e.maven.runtime_3.9.900.20240824-1409\jars\httpclient-4.5.14.jar
2024-10-18 22:09:09,266 [Worker-35: Launching screenmatch_git] INFO  o.eclipse.m2e.core.internal.Bundles - 	Entry: C:\Users\Jupiter\.p2\pool\plugins\org.eclipse.m2e.maven.runtime_3.9.900.20240824-1409\jars\httpcore-4.4.16.jar
2024-10-18 22:09:09,267 [Worker-35: Launching screenmatch_git] INFO  o.eclipse.m2e.core.internal.Bundles - 	Entry: C:\Users\Jupiter\.p2\pool\plugins\org.eclipse.m2e.maven.runtime_3.9.900.20240824-1409\jars\jansi-2.4.1.jar
2024-10-18 22:09:09,268 [Worker-35: Launching screenmatch_git] INFO  o.eclipse.m2e.core.internal.Bundles - 	Entry: C:\Users\Jupiter\.p2\pool\plugins\org.eclipse.m2e.maven.runtime_3.9.900.20240824-1409\jars\jcl-over-slf4j-1.7.36.jar
2024-10-18 22:09:09,320 [Worker-35: Launching screenmatch_git] INFO  o.eclipse.m2e.core.internal.Bundles - 	Entry: C:\Users\Jupiter\.p2\pool\plugins\org.eclipse.m2e.maven.runtime_3.9.900.20240824-1409\jars\maven-artifact-3.9.9.jar
2024-10-18 22:09:09,321 [Worker-35: Launching screenmatch_git] INFO  o.eclipse.m2e.core.internal.Bundles - 	Entry: C:\Users\Jupiter\.p2\pool\plugins\org.eclipse.m2e.maven.runtime_3.9.900.20240824-1409\jars\maven-builder-support-3.9.9.jar
2024-10-18 22:09:09,322 [Worker-35: Launching screenmatch_git] INFO  o.eclipse.m2e.core.internal.Bundles - 	Entry: C:\Users\Jupiter\.p2\pool\plugins\org.eclipse.m2e.maven.runtime_3.9.900.20240824-1409\jars\maven-compat-3.9.9.jar
2024-10-18 22:09:09,323 [Worker-35: Launching screenmatch_git] INFO  o.eclipse.m2e.core.internal.Bundles - 	Entry: C:\Users\Jupiter\.p2\pool\plugins\org.eclipse.m2e.maven.runtime_3.9.900.20240824-1409\jars\maven-core-3.9.9.jar
2024-10-18 22:09:09,324 [Worker-35: Launching screenmatch_git] INFO  o.eclipse.m2e.core.internal.Bundles - 	Entry: C:\Users\Jupiter\.p2\pool\plugins\org.eclipse.m2e.maven.runtime_3.9.900.20240824-1409\jars\maven-embedder-3.9.9.jar
2024-10-18 22:09:09,325 [Worker-35: Launching screenmatch_git] INFO  o.eclipse.m2e.core.internal.Bundles - 	Entry: C:\Users\Jupiter\.p2\pool\plugins\org.eclipse.m2e.maven.runtime_3.9.900.20240824-1409\jars\maven-model-3.9.9.jar
2024-10-18 22:09:09,326 [Worker-35: Launching screenmatch_git] INFO  o.eclipse.m2e.core.internal.Bundles - 	Entry: C:\Users\Jupiter\.p2\pool\plugins\org.eclipse.m2e.maven.runtime_3.9.900.20240824-1409\jars\maven-model-builder-3.9.9.jar
2024-10-18 22:09:09,327 [Worker-35: Launching screenmatch_git] INFO  o.eclipse.m2e.core.internal.Bundles - 	Entry: C:\Users\Jupiter\.p2\pool\plugins\org.eclipse.m2e.maven.runtime_3.9.900.20240824-1409\jars\maven-plugin-api-3.9.9.jar
2024-10-18 22:09:09,329 [Worker-35: Launching screenmatch_git] INFO  o.eclipse.m2e.core.internal.Bundles - 	Entry: C:\Users\Jupiter\.p2\pool\plugins\org.eclipse.m2e.maven.runtime_3.9.900.20240824-1409\jars\maven-repository-metadata-3.9.9.jar
2024-10-18 22:09:09,330 [Worker-35: Launching screenmatch_git] INFO  o.eclipse.m2e.core.internal.Bundles - 	Entry: C:\Users\Jupiter\.p2\pool\plugins\org.eclipse.m2e.maven.runtime_3.9.900.20240824-1409\jars\maven-resolver-api-1.9.22.jar
2024-10-18 22:09:09,331 [Worker-35: Launching screenmatch_git] INFO  o.eclipse.m2e.core.internal.Bundles - 	Entry: C:\Users\Jupiter\.p2\pool\plugins\org.eclipse.m2e.maven.runtime_3.9.900.20240824-1409\jars\maven-resolver-connector-basic-1.9.22.jar
2024-10-18 22:09:09,332 [Worker-35: Launching screenmatch_git] INFO  o.eclipse.m2e.core.internal.Bundles - 	Entry: C:\Users\Jupiter\.p2\pool\plugins\org.eclipse.m2e.maven.runtime_3.9.900.20240824-1409\jars\maven-resolver-impl-1.9.22.jar
2024-10-18 22:09:09,333 [Worker-35: Launching screenmatch_git] INFO  o.eclipse.m2e.core.internal.Bundles - 	Entry: C:\Users\Jupiter\.p2\pool\plugins\org.eclipse.m2e.maven.runtime_3.9.900.20240824-1409\jars\maven-resolver-named-locks-1.9.22.jar
2024-10-18 22:09:09,334 [Worker-35: Launching screenmatch_git] INFO  o.eclipse.m2e.core.internal.Bundles - 	Entry: C:\Users\Jupiter\.p2\pool\plugins\org.eclipse.m2e.maven.runtime_3.9.900.20240824-1409\jars\maven-resolver-provider-3.9.9.jar
2024-10-18 22:09:09,335 [Worker-35: Launching screenmatch_git] INFO  o.eclipse.m2e.core.internal.Bundles - 	Entry: C:\Users\Jupiter\.p2\pool\plugins\org.eclipse.m2e.maven.runtime_3.9.900.20240824-1409\jars\maven-resolver-spi-1.9.22.jar
2024-10-18 22:09:09,336 [Worker-35: Launching screenmatch_git] INFO  o.eclipse.m2e.core.internal.Bundles - 	Entry: C:\Users\Jupiter\.p2\pool\plugins\org.eclipse.m2e.maven.runtime_3.9.900.20240824-1409\jars\maven-resolver-transport-file-1.9.22.jar
2024-10-18 22:09:09,337 [Worker-35: Launching screenmatch_git] INFO  o.eclipse.m2e.core.internal.Bundles - 	Entry: C:\Users\Jupiter\.p2\pool\plugins\org.eclipse.m2e.maven.runtime_3.9.900.20240824-1409\jars\maven-resolver-transport-http-1.9.22.jar
2024-10-18 22:09:09,339 [Worker-35: Launching screenmatch_git] INFO  o.eclipse.m2e.core.internal.Bundles - 	Entry: C:\Users\Jupiter\.p2\pool\plugins\org.eclipse.m2e.maven.runtime_3.9.900.20240824-1409\jars\maven-resolver-transport-wagon-1.9.22.jar
2024-10-18 22:09:09,340 [Worker-35: Launching screenmatch_git] INFO  o.eclipse.m2e.core.internal.Bundles - 	Entry: C:\Users\Jupiter\.p2\pool\plugins\org.eclipse.m2e.maven.runtime_3.9.900.20240824-1409\jars\maven-resolver-util-1.9.22.jar
2024-10-18 22:09:09,342 [Worker-35: Launching screenmatch_git] INFO  o.eclipse.m2e.core.internal.Bundles - 	Entry: C:\Users\Jupiter\.p2\pool\plugins\org.eclipse.m2e.maven.runtime_3.9.900.20240824-1409\jars\maven-settings-3.9.9.jar
2024-10-18 22:09:09,343 [Worker-35: Launching screenmatch_git] INFO  o.eclipse.m2e.core.internal.Bundles - 	Entry: C:\Users\Jupiter\.p2\pool\plugins\org.eclipse.m2e.maven.runtime_3.9.900.20240824-1409\jars\maven-settings-builder-3.9.9.jar
2024-10-18 22:09:09,345 [Worker-35: Launching screenmatch_git] INFO  o.eclipse.m2e.core.internal.Bundles - 	Entry: C:\Users\Jupiter\.p2\pool\plugins\org.eclipse.m2e.maven.runtime_3.9.900.20240824-1409\jars\maven-shared-utils-3.4.2.jar
2024-10-18 22:09:09,346 [Worker-35: Launching screenmatch_git] INFO  o.eclipse.m2e.core.internal.Bundles - 	Entry: C:\Users\Jupiter\.p2\pool\plugins\org.eclipse.m2e.maven.runtime_3.9.900.20240824-1409\jars\org.eclipse.sisu.inject-0.9.0.M3.jar
2024-10-18 22:09:09,347 [Worker-35: Launching screenmatch_git] INFO  o.eclipse.m2e.core.internal.Bundles - 	Entry: C:\Users\Jupiter\.p2\pool\plugins\org.eclipse.m2e.maven.runtime_3.9.900.20240824-1409\jars\org.eclipse.sisu.plexus-0.9.0.M3.jar
2024-10-18 22:09:09,353 [Worker-35: Launching screenmatch_git] INFO  o.eclipse.m2e.core.internal.Bundles - 	Entry: C:\Users\Jupiter\.p2\pool\plugins\org.eclipse.m2e.maven.runtime_3.9.900.20240824-1409\jars\plexus-build-api-0.0.7.jar
2024-10-18 22:09:09,355 [Worker-35: Launching screenmatch_git] INFO  o.eclipse.m2e.core.internal.Bundles - 	Entry: C:\Users\Jupiter\.p2\pool\plugins\org.eclipse.m2e.maven.runtime_3.9.900.20240824-1409\jars\plexus-build-api-1.2.0.jar
2024-10-18 22:09:09,356 [Worker-35: Launching screenmatch_git] INFO  o.eclipse.m2e.core.internal.Bundles - 	Entry: C:\Users\Jupiter\.p2\pool\plugins\org.eclipse.m2e.maven.runtime_3.9.900.20240824-1409\jars\plexus-cipher-2.0.jar
2024-10-18 22:09:09,357 [Worker-35: Launching screenmatch_git] INFO  o.eclipse.m2e.core.internal.Bundles - 	Entry: C:\Users\Jupiter\.p2\pool\plugins\org.eclipse.m2e.maven.runtime_3.9.900.20240824-1409\jars\plexus-classworlds-2.8.0.jar
2024-10-18 22:09:09,358 [Worker-35: Launching screenmatch_git] INFO  o.eclipse.m2e.core.internal.Bundles - 	Entry: C:\Users\Jupiter\.p2\pool\plugins\org.eclipse.m2e.maven.runtime_3.9.900.20240824-1409\jars\plexus-component-annotations-2.1.0.jar
2024-10-18 22:09:09,359 [Worker-35: Launching screenmatch_git] INFO  o.eclipse.m2e.core.internal.Bundles - 	Entry: C:\Users\Jupiter\.p2\pool\plugins\org.eclipse.m2e.maven.runtime_3.9.900.20240824-1409\jars\plexus-interpolation-1.27.jar
2024-10-18 22:09:09,360 [Worker-35: Launching screenmatch_git] INFO  o.eclipse.m2e.core.internal.Bundles - 	Entry: C:\Users\Jupiter\.p2\pool\plugins\org.eclipse.m2e.maven.runtime_3.9.900.20240824-1409\jars\plexus-sec-dispatcher-2.0.jar
2024-10-18 22:09:09,362 [Worker-35: Launching screenmatch_git] INFO  o.eclipse.m2e.core.internal.Bundles - 	Entry: C:\Users\Jupiter\.p2\pool\plugins\org.eclipse.m2e.maven.runtime_3.9.900.20240824-1409\jars\plexus-utils-3.5.1.jar
2024-10-18 22:09:09,363 [Worker-35: Launching screenmatch_git] INFO  o.eclipse.m2e.core.internal.Bundles - 	Entry: C:\Users\Jupiter\.p2\pool\plugins\org.eclipse.m2e.maven.runtime_3.9.900.20240824-1409\jars\plexus-xml-3.0.1.jar
2024-10-18 22:09:09,364 [Worker-35: Launching screenmatch_git] INFO  o.eclipse.m2e.core.internal.Bundles - 	Entry: C:\Users\Jupiter\.p2\pool\plugins\org.eclipse.m2e.maven.runtime_3.9.900.20240824-1409\jars\wagon-file-3.5.3.jar
2024-10-18 22:09:09,365 [Worker-35: Launching screenmatch_git] INFO  o.eclipse.m2e.core.internal.Bundles - 	Entry: C:\Users\Jupiter\.p2\pool\plugins\org.eclipse.m2e.maven.runtime_3.9.900.20240824-1409\jars\wagon-http-3.5.3.jar
2024-10-18 22:09:09,366 [Worker-35: Launching screenmatch_git] INFO  o.eclipse.m2e.core.internal.Bundles - 	Entry: C:\Users\Jupiter\.p2\pool\plugins\org.eclipse.m2e.maven.runtime_3.9.900.20240824-1409\jars\wagon-http-shared-3.5.3.jar
2024-10-18 22:09:09,367 [Worker-35: Launching screenmatch_git] INFO  o.eclipse.m2e.core.internal.Bundles - 	Entry: C:\Users\Jupiter\.p2\pool\plugins\org.eclipse.m2e.maven.runtime_3.9.900.20240824-1409\jars\wagon-provider-api-3.5.3.jar
2024-10-18 22:09:09,465 [Worker-35: Launching screenmatch_git] INFO  o.eclipse.m2e.core.internal.Bundles - getClasspathEntries(Bundle=com.google.guava_33.3.0.jre [1994])
2024-10-18 22:09:09,530 [Worker-35: Launching screenmatch_git] INFO  o.eclipse.m2e.core.internal.Bundles - 	Entry: C:\Users\Jupiter\.p2\pool\plugins\com.google.guava_33.3.0.jre.jar
2024-10-18 22:09:09,531 [Worker-35: Launching screenmatch_git] INFO  o.eclipse.m2e.core.internal.Bundles - getClasspathEntries(Bundle=slf4j.api_2.0.16 [1991])
2024-10-18 22:09:09,535 [Worker-35: Launching screenmatch_git] INFO  o.eclipse.m2e.core.internal.Bundles - 	Entry: C:\Users\Jupiter\.p2\pool\plugins\slf4j.api_2.0.16.jar
2024-10-18 22:09:09,536 [Worker-35: Launching screenmatch_git] INFO  o.eclipse.m2e.core.internal.Bundles - getClasspathEntries(Bundle=javax.inject_1.0.0.v20220405-0441 [1058])
2024-10-18 22:09:09,584 [Worker-35: Launching screenmatch_git] INFO  o.eclipse.m2e.core.internal.Bundles - 	Entry: C:\Users\Jupiter\.p2\pool\plugins\javax.inject_1.0.0.v20220405-0441.jar
2024-10-18 22:09:09,585 [Worker-35: Launching screenmatch_git] INFO  o.eclipse.m2e.core.internal.Bundles - getClasspathEntries(Bundle=javax.annotation_1.3.5.v20230504-0748 [1057])
2024-10-18 22:09:09,608 [Worker-35: Launching screenmatch_git] INFO  o.eclipse.m2e.core.internal.Bundles - 	Entry: C:\Users\Jupiter\.p2\pool\plugins\javax.annotation_1.3.5.v20230504-0748.jar
2024-10-18 22:09:09,611 [Worker-35: Launching screenmatch_git] INFO  o.eclipse.m2e.core.internal.Bundles - getClasspathEntries(Bundle=org.apache.commons.cli_1.9.0 [2009])
2024-10-18 22:09:09,649 [Worker-35: Launching screenmatch_git] INFO  o.eclipse.m2e.core.internal.Bundles - 	Entry: C:\Users\Jupiter\.p2\pool\plugins\org.apache.commons.cli_1.9.0.jar
2024-10-18 22:09:09,651 [Worker-35: Launching screenmatch_git] INFO  o.eclipse.m2e.core.internal.Bundles - getClasspathEntries(Bundle=org.apache.commons.commons-codec_1.16.0 [75])
2024-10-18 22:09:09,733 [Worker-35: Launching screenmatch_git] INFO  o.eclipse.m2e.core.internal.Bundles - 	Entry: C:\Users\Jupiter\.p2\pool\plugins\org.apache.commons.commons-codec_1.16.0.jar
2024-10-18 22:09:09,734 [Worker-35: Launching screenmatch_git] INFO  o.eclipse.m2e.core.internal.Bundles - getClasspathEntries(Bundle=com.google.guava.failureaccess_1.0.2 [13])
2024-10-18 22:09:09,769 [Worker-35: Launching screenmatch_git] INFO  o.eclipse.m2e.core.internal.Bundles - 	Entry: C:\Users\Jupiter\.p2\pool\plugins\com.google.guava.failureaccess_1.0.2.jar
2024-10-18 22:09:09,945 [Worker-35: Launching screenmatch_git] INFO  o.e.m.i.launch.MavenLaunchDelegate - Run build in "C:\GitHubjavabin7777777\screenmatch-springboot-github\screenmatch_git":
2024-10-18 22:09:09,986 [Worker-35: Launching screenmatch_git] INFO  o.e.m.i.launch.MavenLaunchDelegate -  mvn  -B -Dstyle.color=always 
2024-10-18 22:09:50,391 [Worker-37: Launching screenmatch_git] INFO  o.eclipse.m2e.core.internal.Bundles - getClasspathEntries(Bundle=org.eclipse.m2e.maven.runtime_3.9.900.20240824-1409 [2166])
2024-10-18 22:09:50,393 [Worker-37: Launching screenmatch_git] INFO  o.eclipse.m2e.core.internal.Bundles - 	Entry: C:\Users\Jupiter\.p2\pool\plugins\org.eclipse.m2e.maven.runtime_3.9.900.20240824-1409
2024-10-18 22:09:50,394 [Worker-37: Launching screenmatch_git] INFO  o.eclipse.m2e.core.internal.Bundles - 	Entry: C:\Users\Jupiter\.p2\pool\plugins\org.eclipse.m2e.maven.runtime_3.9.900.20240824-1409\jars\aopalliance-1.0.jar
2024-10-18 22:09:50,396 [Worker-37: Launching screenmatch_git] INFO  o.eclipse.m2e.core.internal.Bundles - 	Entry: C:\Users\Jupiter\.p2\pool\plugins\org.eclipse.m2e.maven.runtime_3.9.900.20240824-1409\jars\guice-5.1.0.jar
2024-10-18 22:09:50,397 [Worker-37: Launching screenmatch_git] INFO  o.eclipse.m2e.core.internal.Bundles - 	Entry: C:\Users\Jupiter\.p2\pool\plugins\org.eclipse.m2e.maven.runtime_3.9.900.20240824-1409\jars\httpclient-4.5.14.jar
2024-10-18 22:09:50,400 [Worker-37: Launching screenmatch_git] INFO  o.eclipse.m2e.core.internal.Bundles - 	Entry: C:\Users\Jupiter\.p2\pool\plugins\org.eclipse.m2e.maven.runtime_3.9.900.20240824-1409\jars\httpcore-4.4.16.jar
2024-10-18 22:09:50,402 [Worker-37: Launching screenmatch_git] INFO  o.eclipse.m2e.core.internal.Bundles - 	Entry: C:\Users\Jupiter\.p2\pool\plugins\org.eclipse.m2e.maven.runtime_3.9.900.20240824-1409\jars\jansi-2.4.1.jar
2024-10-18 22:09:50,403 [Worker-37: Launching screenmatch_git] INFO  o.eclipse.m2e.core.internal.Bundles - 	Entry: C:\Users\Jupiter\.p2\pool\plugins\org.eclipse.m2e.maven.runtime_3.9.900.20240824-1409\jars\jcl-over-slf4j-1.7.36.jar
2024-10-18 22:09:50,403 [Worker-37: Launching screenmatch_git] INFO  o.eclipse.m2e.core.internal.Bundles - 	Entry: C:\Users\Jupiter\.p2\pool\plugins\org.eclipse.m2e.maven.runtime_3.9.900.20240824-1409\jars\maven-artifact-3.9.9.jar
2024-10-18 22:09:50,404 [Worker-37: Launching screenmatch_git] INFO  o.eclipse.m2e.core.internal.Bundles - 	Entry: C:\Users\Jupiter\.p2\pool\plugins\org.eclipse.m2e.maven.runtime_3.9.900.20240824-1409\jars\maven-builder-support-3.9.9.jar
2024-10-18 22:09:50,405 [Worker-37: Launching screenmatch_git] INFO  o.eclipse.m2e.core.internal.Bundles - 	Entry: C:\Users\Jupiter\.p2\pool\plugins\org.eclipse.m2e.maven.runtime_3.9.900.20240824-1409\jars\maven-compat-3.9.9.jar
2024-10-18 22:09:50,406 [Worker-37: Launching screenmatch_git] INFO  o.eclipse.m2e.core.internal.Bundles - 	Entry: C:\Users\Jupiter\.p2\pool\plugins\org.eclipse.m2e.maven.runtime_3.9.900.20240824-1409\jars\maven-core-3.9.9.jar
2024-10-18 22:09:50,406 [Worker-37: Launching screenmatch_git] INFO  o.eclipse.m2e.core.internal.Bundles - 	Entry: C:\Users\Jupiter\.p2\pool\plugins\org.eclipse.m2e.maven.runtime_3.9.900.20240824-1409\jars\maven-embedder-3.9.9.jar
2024-10-18 22:09:50,407 [Worker-37: Launching screenmatch_git] INFO  o.eclipse.m2e.core.internal.Bundles - 	Entry: C:\Users\Jupiter\.p2\pool\plugins\org.eclipse.m2e.maven.runtime_3.9.900.20240824-1409\jars\maven-model-3.9.9.jar
2024-10-18 22:09:50,408 [Worker-37: Launching screenmatch_git] INFO  o.eclipse.m2e.core.internal.Bundles - 	Entry: C:\Users\Jupiter\.p2\pool\plugins\org.eclipse.m2e.maven.runtime_3.9.900.20240824-1409\jars\maven-model-builder-3.9.9.jar
2024-10-18 22:09:50,408 [Worker-37: Launching screenmatch_git] INFO  o.eclipse.m2e.core.internal.Bundles - 	Entry: C:\Users\Jupiter\.p2\pool\plugins\org.eclipse.m2e.maven.runtime_3.9.900.20240824-1409\jars\maven-plugin-api-3.9.9.jar
2024-10-18 22:09:50,409 [Worker-37: Launching screenmatch_git] INFO  o.eclipse.m2e.core.internal.Bundles - 	Entry: C:\Users\Jupiter\.p2\pool\plugins\org.eclipse.m2e.maven.runtime_3.9.900.20240824-1409\jars\maven-repository-metadata-3.9.9.jar
2024-10-18 22:09:50,410 [Worker-37: Launching screenmatch_git] INFO  o.eclipse.m2e.core.internal.Bundles - 	Entry: C:\Users\Jupiter\.p2\pool\plugins\org.eclipse.m2e.maven.runtime_3.9.900.20240824-1409\jars\maven-resolver-api-1.9.22.jar
2024-10-18 22:09:50,410 [Worker-37: Launching screenmatch_git] INFO  o.eclipse.m2e.core.internal.Bundles - 	Entry: C:\Users\Jupiter\.p2\pool\plugins\org.eclipse.m2e.maven.runtime_3.9.900.20240824-1409\jars\maven-resolver-connector-basic-1.9.22.jar
2024-10-18 22:09:50,411 [Worker-37: Launching screenmatch_git] INFO  o.eclipse.m2e.core.internal.Bundles - 	Entry: C:\Users\Jupiter\.p2\pool\plugins\org.eclipse.m2e.maven.runtime_3.9.900.20240824-1409\jars\maven-resolver-impl-1.9.22.jar
2024-10-18 22:09:50,412 [Worker-37: Launching screenmatch_git] INFO  o.eclipse.m2e.core.internal.Bundles - 	Entry: C:\Users\Jupiter\.p2\pool\plugins\org.eclipse.m2e.maven.runtime_3.9.900.20240824-1409\jars\maven-resolver-named-locks-1.9.22.jar
2024-10-18 22:09:50,414 [Worker-37: Launching screenmatch_git] INFO  o.eclipse.m2e.core.internal.Bundles - 	Entry: C:\Users\Jupiter\.p2\pool\plugins\org.eclipse.m2e.maven.runtime_3.9.900.20240824-1409\jars\maven-resolver-provider-3.9.9.jar
2024-10-18 22:09:50,417 [Worker-37: Launching screenmatch_git] INFO  o.eclipse.m2e.core.internal.Bundles - 	Entry: C:\Users\Jupiter\.p2\pool\plugins\org.eclipse.m2e.maven.runtime_3.9.900.20240824-1409\jars\maven-resolver-spi-1.9.22.jar
2024-10-18 22:09:50,418 [Worker-37: Launching screenmatch_git] INFO  o.eclipse.m2e.core.internal.Bundles - 	Entry: C:\Users\Jupiter\.p2\pool\plugins\org.eclipse.m2e.maven.runtime_3.9.900.20240824-1409\jars\maven-resolver-transport-file-1.9.22.jar
2024-10-18 22:09:50,419 [Worker-37: Launching screenmatch_git] INFO  o.eclipse.m2e.core.internal.Bundles - 	Entry: C:\Users\Jupiter\.p2\pool\plugins\org.eclipse.m2e.maven.runtime_3.9.900.20240824-1409\jars\maven-resolver-transport-http-1.9.22.jar
2024-10-18 22:09:50,419 [Worker-37: Launching screenmatch_git] INFO  o.eclipse.m2e.core.internal.Bundles - 	Entry: C:\Users\Jupiter\.p2\pool\plugins\org.eclipse.m2e.maven.runtime_3.9.900.20240824-1409\jars\maven-resolver-transport-wagon-1.9.22.jar
2024-10-18 22:09:50,420 [Worker-37: Launching screenmatch_git] INFO  o.eclipse.m2e.core.internal.Bundles - 	Entry: C:\Users\Jupiter\.p2\pool\plugins\org.eclipse.m2e.maven.runtime_3.9.900.20240824-1409\jars\maven-resolver-util-1.9.22.jar
2024-10-18 22:09:50,421 [Worker-37: Launching screenmatch_git] INFO  o.eclipse.m2e.core.internal.Bundles - 	Entry: C:\Users\Jupiter\.p2\pool\plugins\org.eclipse.m2e.maven.runtime_3.9.900.20240824-1409\jars\maven-settings-3.9.9.jar
2024-10-18 22:09:50,421 [Worker-37: Launching screenmatch_git] INFO  o.eclipse.m2e.core.internal.Bundles - 	Entry: C:\Users\Jupiter\.p2\pool\plugins\org.eclipse.m2e.maven.runtime_3.9.900.20240824-1409\jars\maven-settings-builder-3.9.9.jar
2024-10-18 22:09:50,422 [Worker-37: Launching screenmatch_git] INFO  o.eclipse.m2e.core.internal.Bundles - 	Entry: C:\Users\Jupiter\.p2\pool\plugins\org.eclipse.m2e.maven.runtime_3.9.900.20240824-1409\jars\maven-shared-utils-3.4.2.jar
2024-10-18 22:09:50,423 [Worker-37: Launching screenmatch_git] INFO  o.eclipse.m2e.core.internal.Bundles - 	Entry: C:\Users\Jupiter\.p2\pool\plugins\org.eclipse.m2e.maven.runtime_3.9.900.20240824-1409\jars\org.eclipse.sisu.inject-0.9.0.M3.jar
2024-10-18 22:09:50,424 [Worker-37: Launching screenmatch_git] INFO  o.eclipse.m2e.core.internal.Bundles - 	Entry: C:\Users\Jupiter\.p2\pool\plugins\org.eclipse.m2e.maven.runtime_3.9.900.20240824-1409\jars\org.eclipse.sisu.plexus-0.9.0.M3.jar
2024-10-18 22:09:50,424 [Worker-37: Launching screenmatch_git] INFO  o.eclipse.m2e.core.internal.Bundles - 	Entry: C:\Users\Jupiter\.p2\pool\plugins\org.eclipse.m2e.maven.runtime_3.9.900.20240824-1409\jars\plexus-build-api-0.0.7.jar
2024-10-18 22:09:50,425 [Worker-37: Launching screenmatch_git] INFO  o.eclipse.m2e.core.internal.Bundles - 	Entry: C:\Users\Jupiter\.p2\pool\plugins\org.eclipse.m2e.maven.runtime_3.9.900.20240824-1409\jars\plexus-build-api-1.2.0.jar
2024-10-18 22:09:50,426 [Worker-37: Launching screenmatch_git] INFO  o.eclipse.m2e.core.internal.Bundles - 	Entry: C:\Users\Jupiter\.p2\pool\plugins\org.eclipse.m2e.maven.runtime_3.9.900.20240824-1409\jars\plexus-cipher-2.0.jar
2024-10-18 22:09:50,426 [Worker-37: Launching screenmatch_git] INFO  o.eclipse.m2e.core.internal.Bundles - 	Entry: C:\Users\Jupiter\.p2\pool\plugins\org.eclipse.m2e.maven.runtime_3.9.900.20240824-1409\jars\plexus-classworlds-2.8.0.jar
2024-10-18 22:09:50,427 [Worker-37: Launching screenmatch_git] INFO  o.eclipse.m2e.core.internal.Bundles - 	Entry: C:\Users\Jupiter\.p2\pool\plugins\org.eclipse.m2e.maven.runtime_3.9.900.20240824-1409\jars\plexus-component-annotations-2.1.0.jar
2024-10-18 22:09:50,428 [Worker-37: Launching screenmatch_git] INFO  o.eclipse.m2e.core.internal.Bundles - 	Entry: C:\Users\Jupiter\.p2\pool\plugins\org.eclipse.m2e.maven.runtime_3.9.900.20240824-1409\jars\plexus-interpolation-1.27.jar
2024-10-18 22:09:50,515 [Worker-37: Launching screenmatch_git] INFO  o.eclipse.m2e.core.internal.Bundles - 	Entry: C:\Users\Jupiter\.p2\pool\plugins\org.eclipse.m2e.maven.runtime_3.9.900.20240824-1409\jars\plexus-sec-dispatcher-2.0.jar
2024-10-18 22:09:50,516 [Worker-37: Launching screenmatch_git] INFO  o.eclipse.m2e.core.internal.Bundles - 	Entry: C:\Users\Jupiter\.p2\pool\plugins\org.eclipse.m2e.maven.runtime_3.9.900.20240824-1409\jars\plexus-utils-3.5.1.jar
2024-10-18 22:09:50,517 [Worker-37: Launching screenmatch_git] INFO  o.eclipse.m2e.core.internal.Bundles - 	Entry: C:\Users\Jupiter\.p2\pool\plugins\org.eclipse.m2e.maven.runtime_3.9.900.20240824-1409\jars\plexus-xml-3.0.1.jar
2024-10-18 22:09:50,517 [Worker-37: Launching screenmatch_git] INFO  o.eclipse.m2e.core.internal.Bundles - 	Entry: C:\Users\Jupiter\.p2\pool\plugins\org.eclipse.m2e.maven.runtime_3.9.900.20240824-1409\jars\wagon-file-3.5.3.jar
2024-10-18 22:09:50,518 [Worker-37: Launching screenmatch_git] INFO  o.eclipse.m2e.core.internal.Bundles - 	Entry: C:\Users\Jupiter\.p2\pool\plugins\org.eclipse.m2e.maven.runtime_3.9.900.20240824-1409\jars\wagon-http-3.5.3.jar
2024-10-18 22:09:50,519 [Worker-37: Launching screenmatch_git] INFO  o.eclipse.m2e.core.internal.Bundles - 	Entry: C:\Users\Jupiter\.p2\pool\plugins\org.eclipse.m2e.maven.runtime_3.9.900.20240824-1409\jars\wagon-http-shared-3.5.3.jar
2024-10-18 22:09:50,519 [Worker-37: Launching screenmatch_git] INFO  o.eclipse.m2e.core.internal.Bundles - 	Entry: C:\Users\Jupiter\.p2\pool\plugins\org.eclipse.m2e.maven.runtime_3.9.900.20240824-1409\jars\wagon-provider-api-3.5.3.jar
2024-10-18 22:09:50,520 [Worker-37: Launching screenmatch_git] INFO  o.eclipse.m2e.core.internal.Bundles - getClasspathEntries(Bundle=com.google.guava_33.3.0.jre [1994])
2024-10-18 22:09:50,522 [Worker-37: Launching screenmatch_git] INFO  o.eclipse.m2e.core.internal.Bundles - 	Entry: C:\Users\Jupiter\.p2\pool\plugins\com.google.guava_33.3.0.jre.jar
2024-10-18 22:09:50,523 [Worker-37: Launching screenmatch_git] INFO  o.eclipse.m2e.core.internal.Bundles - getClasspathEntries(Bundle=slf4j.api_2.0.16 [1991])
2024-10-18 22:09:50,524 [Worker-37: Launching screenmatch_git] INFO  o.eclipse.m2e.core.internal.Bundles - 	Entry: C:\Users\Jupiter\.p2\pool\plugins\slf4j.api_2.0.16.jar
2024-10-18 22:09:50,524 [Worker-37: Launching screenmatch_git] INFO  o.eclipse.m2e.core.internal.Bundles - getClasspathEntries(Bundle=javax.inject_1.0.0.v20220405-0441 [1058])
2024-10-18 22:09:50,526 [Worker-37: Launching screenmatch_git] INFO  o.eclipse.m2e.core.internal.Bundles - 	Entry: C:\Users\Jupiter\.p2\pool\plugins\javax.inject_1.0.0.v20220405-0441.jar
2024-10-18 22:09:50,526 [Worker-37: Launching screenmatch_git] INFO  o.eclipse.m2e.core.internal.Bundles - getClasspathEntries(Bundle=javax.annotation_1.3.5.v20230504-0748 [1057])
2024-10-18 22:09:50,528 [Worker-37: Launching screenmatch_git] INFO  o.eclipse.m2e.core.internal.Bundles - 	Entry: C:\Users\Jupiter\.p2\pool\plugins\javax.annotation_1.3.5.v20230504-0748.jar
2024-10-18 22:09:50,528 [Worker-37: Launching screenmatch_git] INFO  o.eclipse.m2e.core.internal.Bundles - getClasspathEntries(Bundle=org.apache.commons.cli_1.9.0 [2009])
2024-10-18 22:09:50,529 [Worker-37: Launching screenmatch_git] INFO  o.eclipse.m2e.core.internal.Bundles - 	Entry: C:\Users\Jupiter\.p2\pool\plugins\org.apache.commons.cli_1.9.0.jar
2024-10-18 22:09:50,530 [Worker-37: Launching screenmatch_git] INFO  o.eclipse.m2e.core.internal.Bundles - getClasspathEntries(Bundle=org.apache.commons.commons-codec_1.16.0 [75])
2024-10-18 22:09:50,532 [Worker-37: Launching screenmatch_git] INFO  o.eclipse.m2e.core.internal.Bundles - 	Entry: C:\Users\Jupiter\.p2\pool\plugins\org.apache.commons.commons-codec_1.16.0.jar
2024-10-18 22:09:50,532 [Worker-37: Launching screenmatch_git] INFO  o.eclipse.m2e.core.internal.Bundles - getClasspathEntries(Bundle=com.google.guava.failureaccess_1.0.2 [13])
2024-10-18 22:09:50,534 [Worker-37: Launching screenmatch_git] INFO  o.eclipse.m2e.core.internal.Bundles - 	Entry: C:\Users\Jupiter\.p2\pool\plugins\com.google.guava.failureaccess_1.0.2.jar
2024-10-18 22:09:50,538 [Worker-37: Launching screenmatch_git] INFO  o.e.m.i.launch.MavenLaunchDelegate - Run build in "C:\GitHubjavabin7777777\screenmatch-springboot-github\screenmatch_git":
2024-10-18 22:09:50,539 [Worker-37: Launching screenmatch_git] INFO  o.e.m.i.launch.MavenLaunchDelegate -  mvn  -B -Dstyle.color=always 
